Using pre-set license
Built from '2021.3/staging' branch; Version is '2021.3.22f1 (b6c551784ba3) revision 11978065'; Using compiler version '192829333'; Build Type 'Release'
OS: 'Windows 10  (10.0.19044) 64bit Core' Language: 'ko' Physical Memory: 16317 MB
BatchMode: 1, IsHumanControllingUs: 0, StartBugReporterOnCrash: 0, Is64bit: 1, IsPro: 1

COMMAND LINE ARGUMENTS:
C:\Program Files (x86)\2021.3.22f1\Editor\Unity.exe
-adb2
-batchMode
-noUpm
-name
AssetImportWorker0
-projectPath
C:/Users/user/Documents/GitHub/UnityPractice/Game
-logFile
Logs/AssetImportWorker0.log
-srvPort
52131
Successfully changed project path to: C:/Users/user/Documents/GitHub/UnityPractice/Game
C:/Users/user/Documents/GitHub/UnityPractice/Game
[UnityMemory] Configuration Parameters - Can be set up in boot.config
    "memorysetup-bucket-allocator-granularity=16"
    "memorysetup-bucket-allocator-bucket-count=8"
    "memorysetup-bucket-allocator-block-size=33554432"
    "memorysetup-bucket-allocator-block-count=8"
    "memorysetup-main-allocator-block-size=16777216"
    "memorysetup-thread-allocator-block-size=16777216"
    "memorysetup-gfx-main-allocator-block-size=16777216"
    "memorysetup-gfx-thread-allocator-block-size=16777216"
    "memorysetup-cache-allocator-block-size=4194304"
    "memorysetup-typetree-allocator-block-size=2097152"
    "memorysetup-profiler-bucket-allocator-granularity=16"
    "memorysetup-profiler-bucket-allocator-bucket-count=8"
    "memorysetup-profiler-bucket-allocator-block-size=33554432"
    "memorysetup-profiler-bucket-allocator-block-count=8"
    "memorysetup-profiler-allocator-block-size=16777216"
    "memorysetup-profiler-editor-allocator-block-size=1048576"
    "memorysetup-temp-allocator-size-main=16777216"
    "memorysetup-job-temp-allocator-block-size=2097152"
    "memorysetup-job-temp-allocator-block-size-background=1048576"
    "memorysetup-job-temp-allocator-reduction-small-platforms=262144"
    "memorysetup-temp-allocator-size-background-worker=32768"
    "memorysetup-temp-allocator-size-job-worker=262144"
    "memorysetup-temp-allocator-size-preload-manager=33554432"
    "memorysetup-temp-allocator-size-nav-mesh-worker=65536"
    "memorysetup-temp-allocator-size-audio-worker=65536"
    "memorysetup-temp-allocator-size-cloud-worker=32768"
    "memorysetup-temp-allocator-size-gi-baking-worker=262144"
    "memorysetup-temp-allocator-size-gfx=262144"
Player connection [2724] Host "[IP] 172.30.1.39 [Port] 0 [Flags] 2 [Guid] 3689650597 [EditorId] 3689650597 [Version] 1048832 [Id] WindowsEditor(7,DESKTOP-EFIMHO8) [Debug] 1 [PackageName] WindowsEditor [ProjectName] Editor" joined multi-casting on [225.0.0.222:54997]...

Player connection [2724] Host "[IP] 172.30.1.39 [Port] 0 [Flags] 2 [Guid] 3689650597 [EditorId] 3689650597 [Version] 1048832 [Id] WindowsEditor(7,DESKTOP-EFIMHO8) [Debug] 1 [PackageName] WindowsEditor [ProjectName] Editor" joined alternative multi-casting on [225.0.0.222:34997]...

Refreshing native plugins compatible for Editor in 94.12 ms, found 3 plugins.
Preloading 0 native plugins for Editor in 0.00 ms.
Initialize engine version: 2021.3.22f1 (b6c551784ba3)
[Subsystems] Discovering subsystems at path C:/Program Files (x86)/2021.3.22f1/Editor/Data/Resources/UnitySubsystems
[Subsystems] Discovering subsystems at path C:/Users/user/Documents/GitHub/UnityPractice/Game/Assets
GfxDevice: creating device client; threaded=0; jobified=0
Direct3D:
    Version:  Direct3D 11.0 [level 11.1]
    Renderer: NVIDIA GeForce RTX 3060 (ID=0x2504)
    Vendor:   NVIDIA
    VRAM:     12129 MB
    Driver:   31.0.15.3179
Initialize mono
Mono path[0] = 'C:/Program Files (x86)/2021.3.22f1/Editor/Data/Managed'
Mono path[1] = 'C:/Program Files (x86)/2021.3.22f1/Editor/Data/MonoBleedingEdge/lib/mono/unityjit-win32'
Mono config path = 'C:/Program Files (x86)/2021.3.22f1/Editor/Data/MonoBleedingEdge/etc'
Using monoOptions --debugger-agent=transport=dt_socket,embedding=1,server=y,suspend=n,address=127.0.0.1:56956
Begin MonoManager ReloadAssembly
Registering precompiled unity dll's ...
Register platform support module: C:/Program Files (x86)/2021.3.22f1/Editor/Data/PlaybackEngines/WebGLSupport/UnityEditor.WebGL.Extensions.dll
Register platform support module: C:/Program Files (x86)/2021.3.22f1/Editor/Data/PlaybackEngines/WindowsStandaloneSupport/UnityEditor.WindowsStandalone.Extensions.dll
Registered in 0.005716 seconds.
Native extension for WindowsStandalone target not found
Native extension for WebGL target not found
Refreshing native plugins compatible for Editor in 92.09 ms, found 3 plugins.
Preloading 0 native plugins for Editor in 0.00 ms.
Mono: successfully reloaded assembly
- Completed reload, in  0.661 seconds
Domain Reload Profiling:
	ReloadAssembly (662ms)
		BeginReloadAssembly (90ms)
			ExecutionOrderSort (0ms)
			DisableScriptedObjects (0ms)
			BackupInstance (0ms)
			ReleaseScriptingObjects (0ms)
			CreateAndSetChildDomain (1ms)
		EndReloadAssembly (470ms)
			LoadAssemblies (88ms)
			RebuildTransferFunctionScriptingTraits (0ms)
			SetupTypeCache (107ms)
			ReleaseScriptCaches (0ms)
			RebuildScriptCaches (30ms)
			SetupLoadedEditorAssemblies (276ms)
				LogAssemblyErrors (0ms)
				InitializePlatformSupportModulesInManaged (9ms)
				SetLoadedEditorAssemblies (0ms)
				RefreshPlugins (92ms)
				BeforeProcessingInitializeOnLoad (1ms)
				ProcessInitializeOnLoadAttributes (130ms)
				ProcessInitializeOnLoadMethodAttributes (44ms)
				AfterProcessingInitializeOnLoad (0ms)
				EditorAssembliesLoaded (0ms)
			ExecutionOrderSort2 (0ms)
			AwakeInstancesAfterBackupRestoration (0ms)
Platform modules already initialized, skipping
Registering precompiled user dll's ...
Registered in 0.005459 seconds.
Begin MonoManager ReloadAssembly
Symbol file LoadedFromMemory doesn't match image C:\Users\user\Documents\GitHub\UnityPractice\Game\Library\PackageCache\com.unity.visualscripting@1.8.0\Editor\VisualScripting.Core\Dependencies\YamlDotNet\Unity.VisualScripting.YamlDotNet.dll
Symbol file LoadedFromMemory doesn't match image C:\Users\user\Documents\GitHub\UnityPractice\Game\Library\PackageCache\com.unity.visualscripting@1.8.0\Editor\VisualScripting.Core\Dependencies\DotNetZip\Unity.VisualScripting.IonicZip.dll
Native extension for WindowsStandalone target not found
Native extension for WebGL target not found
Refreshing native plugins compatible for Editor in 0.55 ms, found 3 plugins.
Preloading 0 native plugins for Editor in 0.00 ms.
Mono: successfully reloaded assembly
- Completed reload, in  1.097 seconds
Domain Reload Profiling:
	ReloadAssembly (1098ms)
		BeginReloadAssembly (124ms)
			ExecutionOrderSort (0ms)
			DisableScriptedObjects (7ms)
			BackupInstance (0ms)
			ReleaseScriptingObjects (0ms)
			CreateAndSetChildDomain (19ms)
		EndReloadAssembly (869ms)
			LoadAssemblies (93ms)
			RebuildTransferFunctionScriptingTraits (0ms)
			SetupTypeCache (275ms)
			ReleaseScriptCaches (1ms)
			RebuildScriptCaches (65ms)
			SetupLoadedEditorAssemblies (404ms)
				LogAssemblyErrors (0ms)
				InitializePlatformSupportModulesInManaged (6ms)
				SetLoadedEditorAssemblies (0ms)
				RefreshPlugins (1ms)
				BeforeProcessingInitializeOnLoad (100ms)
				ProcessInitializeOnLoadAttributes (269ms)
				ProcessInitializeOnLoadMethodAttributes (19ms)
				AfterProcessingInitializeOnLoad (8ms)
				EditorAssembliesLoaded (0ms)
			ExecutionOrderSort2 (0ms)
			AwakeInstancesAfterBackupRestoration (6ms)
Platform modules already initialized, skipping
========================================================================
Worker process is ready to serve import requests
Launched and connected shader compiler UnityShaderCompiler.exe after 0.03 seconds
Refreshing native plugins compatible for Editor in 0.98 ms, found 3 plugins.
Preloading 0 native plugins for Editor in 0.00 ms.
Unloading 3310 Unused Serialized files (Serialized files now loaded: 0)
Unloading 37 unused Assets / (184.8 KB). Loaded Objects now: 3774.
Memory consumption went from 119.6 MB to 119.5 MB.
Total: 2.996600 ms (FindLiveObjects: 0.282700 ms CreateObjectMapping: 0.259500 ms MarkObjects: 2.313000 ms  DeleteObjects: 0.140600 ms)

AssetImportParameters requested are different than current active one (requested -> active):
  custom:video-decoder-ogg-theora: a1e56fd34408186e4bbccfd4996cb3dc -> 
  custom:container-muxer-webm: aa71ff27fc2769a1b78a27578f13a17b -> 
  custom:container-demuxer-webm: 4f35f7cbe854078d1ac9338744f61a02 -> 
  custom:video-encoder-webm-vp8: eb34c28f22e8b96e1ab97ce403110664 -> 
  custom:video-codec-MediaFoundation-h265: 746d11721c4dcdbdad8f713fa42b33f4 -> 
  custom:audio-encoder-webm-vorbis: bf7c407c2cedff20999df2af8eb42d56 -> 
  custom:framework-win-MediaFoundation: 216162199b28c13a410421893ffa2e32 -> 
  custom:container-demuxer-ogg: 62fdf1f143b41e24485cea50d1cbac27 -> 
  custom:video-decoder-webm-vp8: 9c59270c3fd7afecdb556c50c9e8de78 -> 
  custom:audio-decoder-ogg-vorbis: bf7c407c2cedff20999df2af8eb42d56 -> 
========================================================================
Received Import Request.
  Time since last request: 1373546.004542 seconds.
  path: Assets/Animation Event
  artifactKey: Guid(0e6c2c3093523354c88c4c51032e4af8) Importer(815301076,1909f56bfc062723c751e8b465ee728b)
Start importing Assets/Animation Event using Guid(0e6c2c3093523354c88c4c51032e4af8) Importer(815301076,1909f56bfc062723c751e8b465ee728b)  -> (artifact id: '28d538c6a1454c19b76db57e60978768') in 0.011604 seconds 
========================================================================
Received Import Request.
  Time since last request: 4.767706 seconds.
  path: Assets/Animation Event/Scene
  artifactKey: Guid(8c2ed0e1bbfd7fc4f854538c678bd8ad) Importer(815301076,1909f56bfc062723c751e8b465ee728b)
Start importing Assets/Animation Event/Scene using Guid(8c2ed0e1bbfd7fc4f854538c678bd8ad) Importer(815301076,1909f56bfc062723c751e8b465ee728b)  -> (artifact id: 'ecbf2097e76a81a6077434dce7b4792e') in 0.006573 seconds 
========================================================================
Received Import Request.
  Time since last request: 0.748666 seconds.
  path: Assets/Animation Event
  artifactKey: Guid(0e6c2c3093523354c88c4c51032e4af8) Importer(815301076,1909f56bfc062723c751e8b465ee728b)
Start importing Assets/Animation Event using Guid(0e6c2c3093523354c88c4c51032e4af8) Importer(815301076,1909f56bfc062723c751e8b465ee728b)  -> (artifact id: '41189692676a130ab2d092f24460707d') in 0.002239 seconds 
========================================================================
Received Import Request.
  Time since last request: 2.957409 seconds.
  path: Assets/Animation Event/Script
  artifactKey: Guid(ca9a8ecbe061e1b4db3ab67132b5133b) Importer(815301076,1909f56bfc062723c751e8b465ee728b)
Start importing Assets/Animation Event/Script using Guid(ca9a8ecbe061e1b4db3ab67132b5133b) Importer(815301076,1909f56bfc062723c751e8b465ee728b)  -> (artifact id: '09ba23f1c21af4bc390fee23317dc8d1') in 0.005981 seconds 
========================================================================
Received Import Request.
  Time since last request: 10.903384 seconds.
  path: Assets/Animation Event/Scene/Animation Event Example.unity
  artifactKey: Guid(14dd53e570bde9643849d94607a46e61) Importer(815301076,1909f56bfc062723c751e8b465ee728b)
Start importing Assets/Animation Event/Scene/Animation Event Example.unity using Guid(14dd53e570bde9643849d94607a46e61) Importer(815301076,1909f56bfc062723c751e8b465ee728b)  -> (artifact id: '51e22e5baa006f681b12fc4612c5afad') in 0.007017 seconds 
========================================================================
Received Import Request.
  Time since last request: 63.172989 seconds.
  path: Assets/Animation Event/Texture/Ely By K.Atienza.png
  artifactKey: Guid(a938619121394004cbfda6c1d7e71b7e) Importer(815301076,1909f56bfc062723c751e8b465ee728b)
Start importing Assets/Animation Event/Texture/Ely By K.Atienza.png using Guid(a938619121394004cbfda6c1d7e71b7e) Importer(815301076,1909f56bfc062723c751e8b465ee728b)  -> (artifact id: 'ebfaca7344e3341472b00c8189d0c3c9') in 0.210158 seconds 
========================================================================
Received Import Request.
  Time since last request: 0.000023 seconds.
  path: Assets/Animation Event/Texture/Health Line.png
  artifactKey: Guid(4f8e653bf1c0b054680c13a05741c202) Importer(815301076,1909f56bfc062723c751e8b465ee728b)
Start importing Assets/Animation Event/Texture/Health Line.png using Guid(4f8e653bf1c0b054680c13a05741c202) Importer(815301076,1909f56bfc062723c751e8b465ee728b)  -> (artifact id: '6b5648d7bb366ac342497e2519abf997') in 0.039004 seconds 
========================================================================
Received Import Request.
  Time since last request: 1.406397 seconds.
  path: Assets/Animation Event/Animation/Attacked.fbx
  artifactKey: Guid(3e9fb81c77cfe154cb0f951f0416475d) Importer(815301076,1909f56bfc062723c751e8b465ee728b)
Start importing Assets/Animation Event/Animation/Attacked.fbx using Guid(3e9fb81c77cfe154cb0f951f0416475d) Importer(815301076,1909f56bfc062723c751e8b465ee728b)  -> (artifact id: '3724b3ac76f768a14e1977d2fff6c5e3') in 0.050868 seconds 
========================================================================
Received Import Request.
  Time since last request: 12.744184 seconds.
  path: Assets/Animation Event/Model/Ely By K.Atienza.fbx
  artifactKey: Guid(e13432ab9abbfd742b34870f76d624ce) Importer(815301076,1909f56bfc062723c751e8b465ee728b)
Start importing Assets/Animation Event/Model/Ely By K.Atienza.fbx using Guid(e13432ab9abbfd742b34870f76d624ce) Importer(815301076,1909f56bfc062723c751e8b465ee728b)  -> (artifact id: 'c74b1ca82ea40f137326f5f457ea8476') in 0.100124 seconds 
========================================================================
Received Import Request.
  Time since last request: 12.456221 seconds.
  path: Assets/Animation Event/Model/Ely By K.Atienza.fbx
  artifactKey: Guid(e13432ab9abbfd742b34870f76d624ce) Importer(815301076,1909f56bfc062723c751e8b465ee728b)
Start importing Assets/Animation Event/Model/Ely By K.Atienza.fbx using Guid(e13432ab9abbfd742b34870f76d624ce) Importer(815301076,1909f56bfc062723c751e8b465ee728b)  -> (artifact id: '51060e55f27b8f79f9a1eb4a028de906') in 0.141115 seconds 
========================================================================
Received Import Request.
  Time since last request: 1.724516 seconds.
  path: Assets/Animation Event/Model/Ely By K.Atienza.fbx
  artifactKey: Guid(e13432ab9abbfd742b34870f76d624ce) Importer(815301076,1909f56bfc062723c751e8b465ee728b)
Start importing Assets/Animation Event/Model/Ely By K.Atienza.fbx using Guid(e13432ab9abbfd742b34870f76d624ce) Importer(815301076,1909f56bfc062723c751e8b465ee728b)  -> (artifact id: '5a9dc7c6e97cc922fe7349643ad96ce7') in 0.027040 seconds 
========================================================================
Received Import Request.
  Time since last request: 27.236739 seconds.
  path: Assets/Animation Event/Animator
  artifactKey: Guid(feed15cf6cfc7404f8ab79cb762f0b56) Importer(815301076,1909f56bfc062723c751e8b465ee728b)
Start importing Assets/Animation Event/Animator using Guid(feed15cf6cfc7404f8ab79cb762f0b56) Importer(815301076,1909f56bfc062723c751e8b465ee728b)  -> (artifact id: '329721b3c27955cd0f7063c8f6c36743') in 0.006397 seconds 
========================================================================
Received Import Request.
  Time since last request: 18.458435 seconds.
  path: Assets/Animation Event/Animator/New Animator Controller.controller
  artifactKey: Guid(a400686772acbf049a5f725b468ef9d2) Importer(815301076,1909f56bfc062723c751e8b465ee728b)
Start importing Assets/Animation Event/Animator/New Animator Controller.controller using Guid(a400686772acbf049a5f725b468ef9d2) Importer(815301076,1909f56bfc062723c751e8b465ee728b)  -> (artifact id: '6bde1968382fa043b78cd969750239b3') in 0.009643 seconds 
========================================================================
Received Import Request.
  Time since last request: 3.155792 seconds.
  path: Assets/Animation Event/Animator/New Animator Controller.controller
  artifactKey: Guid(a400686772acbf049a5f725b468ef9d2) Importer(815301076,1909f56bfc062723c751e8b465ee728b)
Start importing Assets/Animation Event/Animator/New Animator Controller.controller using Guid(a400686772acbf049a5f725b468ef9d2) Importer(815301076,1909f56bfc062723c751e8b465ee728b)  -> (artifact id: '56ab8e46d8e6b703e2cc246ab9377fa2') in 0.002757 seconds 
========================================================================
Received Import Request.
  Time since last request: 43.297716 seconds.
  path: Assets/Animation Event/Model/Erika Archer.fbx
  artifactKey: Guid(606883e760f55544db58d632bba75d1c) Importer(815301076,1909f56bfc062723c751e8b465ee728b)
Start importing Assets/Animation Event/Model/Erika Archer.fbx using Guid(606883e760f55544db58d632bba75d1c) Importer(815301076,1909f56bfc062723c751e8b465ee728b)  -> (artifact id: '964274d13ec0aab4d0217b9a37e44edc') in 0.088348 seconds 
========================================================================
Received Import Request.
  Time since last request: 5.422506 seconds.
  path: Assets/Animation Event/Model/Erika Archer.fbx
  artifactKey: Guid(606883e760f55544db58d632bba75d1c) Importer(815301076,1909f56bfc062723c751e8b465ee728b)
Start importing Assets/Animation Event/Model/Erika Archer.fbx using Guid(606883e760f55544db58d632bba75d1c) Importer(815301076,1909f56bfc062723c751e8b465ee728b)  -> (artifact id: 'cf864162d111666f6b8e474d41dfbe9d') in 0.092925 seconds 
========================================================================
Received Import Request.
  Time since last request: 15.582497 seconds.
  path: Assets/Animation Event/Model/Ely By K.Atienza.fbx
  artifactKey: Guid(e13432ab9abbfd742b34870f76d624ce) Importer(815301076,1909f56bfc062723c751e8b465ee728b)
Start importing Assets/Animation Event/Model/Ely By K.Atienza.fbx using Guid(e13432ab9abbfd742b34870f76d624ce) Importer(815301076,1909f56bfc062723c751e8b465ee728b)  -> (artifact id: 'abe5d57c810453fa92e0768eed61ed13') in 0.047083 seconds 
========================================================================
Received Import Request.
  Time since last request: 119.147661 seconds.
  path: Assets/Animation Event/Video Player
  artifactKey: Guid(efe28763c3f67d84a84479133a36751e) Importer(815301076,1909f56bfc062723c751e8b465ee728b)
Start importing Assets/Animation Event/Video Player using Guid(efe28763c3f67d84a84479133a36751e) Importer(815301076,1909f56bfc062723c751e8b465ee728b)  -> (artifact id: '56c40791aaf74872eb8b0d757973a380') in 0.007369 seconds 
========================================================================
Received Import Request.
  Time since last request: 15.287969 seconds.
  path: Assets/Animation Event/Video Player/-88031.mp4
  artifactKey: Guid(4e78a814c47c6a54b8c928e09e8cb3b6) Importer(815301076,1909f56bfc062723c751e8b465ee728b)
Start importing Assets/Animation Event/Video Player/-88031.mp4 using Guid(4e78a814c47c6a54b8c928e09e8cb3b6) Importer(815301076,1909f56bfc062723c751e8b465ee728b)  -> (artifact id: '08eb378855b0bb5608919cf1a54664f2') in 0.010661 seconds 
========================================================================
Received Import Request.
  Time since last request: 263.041945 seconds.
  path: Assets/Animation Event/Texture/ely-vanguardsoldier-kerwinatienza_diffuse.png
  artifactKey: Guid(24d9af0f91d294a4595d1b03912d4adb) Importer(815301076,1909f56bfc062723c751e8b465ee728b)
Start importing Assets/Animation Event/Texture/ely-vanguardsoldier-kerwinatienza_diffuse.png using Guid(24d9af0f91d294a4595d1b03912d4adb) Importer(815301076,1909f56bfc062723c751e8b465ee728b)  -> (artifact id: 'bdcbbd30893d324db31916c7b2065f55') in 0.014988 seconds 
========================================================================
Received Import Request.
  Time since last request: 0.002994 seconds.
  path: Assets/Animation Event/Texture/Erika_Archer_Clothes_diffuse.png
  artifactKey: Guid(dc1f16bd2149d12428383ef80f8af201) Importer(815301076,1909f56bfc062723c751e8b465ee728b)
Start importing Assets/Animation Event/Texture/Erika_Archer_Clothes_diffuse.png using Guid(dc1f16bd2149d12428383ef80f8af201) Importer(815301076,1909f56bfc062723c751e8b465ee728b)  -> (artifact id: '0a7b52790703a956a8e380207a247eb4') in 0.022180 seconds 
========================================================================
Received Import Request.
  Time since last request: 0.000035 seconds.
  path: Assets/Animation Event/Texture/FemaleFitA_StdNM.png
  artifactKey: Guid(19de6805c10a33e44bf82bafb069b464) Importer(815301076,1909f56bfc062723c751e8b465ee728b)
Start importing Assets/Animation Event/Texture/FemaleFitA_StdNM.png using Guid(19de6805c10a33e44bf82bafb069b464) Importer(815301076,1909f56bfc062723c751e8b465ee728b)  -> (artifact id: 'ee1426d83cd9d26fdfba82a1016e1385') in 0.022567 seconds 
========================================================================
Received Import Request.
  Time since last request: 0.000045 seconds.
  path: Assets/Animation Event/Texture/Erika_Archer_Clothes_normal.png
  artifactKey: Guid(33391548ada836647aa76888d03d99f9) Importer(815301076,1909f56bfc062723c751e8b465ee728b)
Start importing Assets/Animation Event/Texture/Erika_Archer_Clothes_normal.png using Guid(33391548ada836647aa76888d03d99f9) Importer(815301076,1909f56bfc062723c751e8b465ee728b)  -> (artifact id: '60317344ec8229c327f16c523fe98979') in 0.016711 seconds 
Editor requested this worker to shutdown with reason: Scaling down because of idle timeout
AssetImportWorker is now disconnected from the server
Process exiting
Exiting without the bug reporter. Application will terminate with return code 0